Start testing: Jun 16 17:32 CEST
----------------------------------------------------------
1/1 Testing: PropertyBasedDPTests
1/1 Test: PropertyBasedDPTests
Command: "/home/matthias/project/project-chronos/edge-daemon/build/edge-daemon-tests"
Directory: /home/matthias/project/project-chronos/edge-daemon/build
"PropertyBasedDPTests" start time: Jun 16 17:32 CEST
Output:
----------------------------------------------------------
Running Differential Privacy Tests...
[PASS] Laplace Noise Distribution Property Test (Epsilon = 0.5)
[PASS] Telemetry Anonymization Test
[PASS] Local Domain Obfuscation Mapping Test
[PASS] Local SQLite Offline Buffering Test
Network interface check result: Active interfaces found
[PASS] Crostini Network State Checker Test (verification complete)
[PASS] Local Privacy Budget Tracker Test
Process scanner run complete. Found 2 active target tools.
  - bash
  - g++
[PASS] Native Process Scanner /proc Monitor Test
[PASS] GDPR Telemetry Test
[Backup] SQLite tables backed up to /home/matthias/Downloads/chronos_backups/chronos_backup_20260616_173248.json
[PASS] Automated Shared Folder Snapshots Test
[PASS] Tracking Paused Atomic Flag Test
[PASS] Battery Power Saver Test
[Security IPC] Verification failed: missing signature or timestamp.
[Security IPC] Verification failed: replay attack window exceeded.
[Security IPC] Verification failed: future timestamp limit exceeded.
[Security IPC] Verification failed: signature mismatch.
[Security IPC] Verification failed: signature mismatch.
[INFO] Header spoofing prevention verified.
[DIAGNOSTIC] Case 9 extracted: ''
[INFO] Body parsing bug prevention verified.
[PASS] Signature Verification Test
[Daemon] Override pause has expired. Resuming tracking.
[PASS] Override Pause Test
Running adversarial battery tests...
Multiple discharging (BAT0=80, BAT1=15) returned capacity: 15, discharging: 1
[INFO] Lowest capacity returned correctly.
Filtration check (BAT0=80, mouse-battery=10) returned capacity: 80, discharging: 1
[INFO] Peripheral battery filtered out correctly.
[PASS] Adversarial Battery Tests completed.
Running adversarial signature tests...
[Security IPC] Verification failed: replay attack detected.
Replay within window - Attempt 1: succeeded | Attempt 2 (Replay): failed
[INFO] Signature replay successfully blocked.
[Security IPC] Verification failed: future timestamp limit exceeded.
Future timestamp (+59s) verification: failed
[INFO] Future timestamp verification rejected.
[PASS] Adversarial Signature Tests completed.
Running adversarial timing tests...
constantTimeCompare timing over 5000000 iterations:
  Different length (short): 113.261 ms
  Different start: 3599.78 ms
  Different end: 3116.87 ms
[EXPECTED BUG CONFIRMED] Length check is not constant-time (short signature is processed significantly faster).
  Start vs End character mismatch difference: 13.4151%
[PASS] Adversarial Timing Tests completed.
Running adversarial pause tests...
[Daemon] Override pause has expired. Resuming tracking.
Pause override negative duration (-3600s). isTelemetryPaused() result: not paused (g_override_paused=false)
[EXPECTED BUG CONFIRMED] Negative duration pause override is accepted and immediately clears the override status, returning tracking to active without warning.
Pause override huge duration (3e9s, casted to 2147483647). isTelemetryPaused() result: paused (g_override_paused=true)
Casted duration did not overflow to negative integer (depends on standard library implementation of double-to-int conversion out-of-range).
[PASS] Adversarial Pause Tests completed.
Running adversarial GDPR metrics tests...
  Raw zero keystrokes: 0 -> Anonymized: 2.64042
  Raw zero mouse: 0 -> Anonymized: 1.45902
  Raw high keystrokes (100k): 100000 -> Anonymized: 99997.4
  Raw high mouse (100k): 100000 -> Anonymized: 100004
  Raw overflow (1e300): 1e+300 -> Anonymized: 1e+300
  Raw negative (-100): -100 -> Anonymized: 0
  Out of 1000 anonymizations of 0 keystrokes, 0 resulted in negative values.
[Warning] Invalid parameters for generateLaplaceNoise: sensitivity=1, epsilon=0. Returning 0.0 noise.
  Laplace noise with epsilon=0.0: 0
[Warning] Invalid parameters for generateLaplaceNoise: sensitivity=1, epsilon=-0.5. Returning 0.0 noise.
  Laplace noise with negative epsilon (-0.5): 0
[Warning] Invalid parameters for generateLaplaceNoise: sensitivity=1, epsilon=9.99989e-321. Returning 0.0 noise.
  Laplace noise with extremely small epsilon (1e-320): 0
[Warning] Invalid parameters for generateLaplaceNoise: sensitivity=1, epsilon=1e-300. Returning 0.0 noise.
  Laplace noise with epsilon=1e-300: 0
[Warning] bufferEvent: event value is not finite (inf) for metric keystrokes_per_minute. Clamping to 0.0.
[Warning] bufferEvent: event value is not finite (nan) for metric mouse_pixels_per_minute. Clamping to 0.0.
  Buffering NaN event returned: true
[Backup] SQLite tables backed up to /home/matthias/Downloads/chronos_backups/chronos_backup_20260616_173255.json
  Backup JSON content sample:
{
  "timestamp": 1781623975,
  "buffered_telemetry": [
    {
      "id": 1,
      "metric_name": "keystrokes_per_minute",
      "value": 0,
      "timestamp": 1781623975
    },
    {
      "id": 2,
      "metric_name": "mouse_pixels_per_minute",
      "value": 0,
      "timestamp": 1781623975
    }
  ],
  "privacy_budget_log": [

  ]
}

[PASS] Adversarial GDPR Metrics Tests completed.
All tests passed successfully.
<end of output>
Test time =   7.64 sec
----------------------------------------------------------
Test Passed.
"PropertyBasedDPTests" end time: Jun 16 17:32 CEST
"PropertyBasedDPTests" time elapsed: 00:00:07
----------------------------------------------------------

End testing: Jun 16 17:32 CEST
