Start testing: Jun 16 14:39 CEST
----------------------------------------------------------
1/1 Testing: PropertyBasedDPTests
1/1 Test: PropertyBasedDPTests
Command: "/home/matthias/project/project-chronos/edge-daemon/edge-daemon-tests"
Directory: /home/matthias/project/project-chronos/edge-daemon
"PropertyBasedDPTests" start time: Jun 16 14:39 CEST
Output:
----------------------------------------------------------
Running Differential Privacy Tests...
[PASS] Laplace Noise Distribution Property Test (Epsilon = 0.5)
[PASS] Telemetry Anonymization Test
[PASS] Local Domain Obfuscation Mapping Test
[PASS] Local SQLite Offline Buffering Test
Network interface check result: Active interfaces found
[PASS] Crostini Network State Checker Test (verification complete)
[PASS] Local Privacy Budget Tracker Test
Process scanner run complete. Found 1 active target tools.
  - bash
[PASS] Native Process Scanner /proc Monitor Test
[PASS] GDPR Telemetry Test
[Backup] SQLite tables backed up to /home/matthias/Downloads/chronos_backups/chronos_backup_20260616_143904.json
[PASS] Automated Shared Folder Snapshots Test
[PASS] Tracking Paused Atomic Flag Test
[PASS] Battery Power Saver Test
[Security IPC] Verification failed: missing signature or timestamp.
[Security IPC] Verification failed: replay attack window exceeded.
[Security IPC] Verification failed: future timestamp limit exceeded.
[Security IPC] Verification failed: signature mismatch.
[Security IPC] Verification failed: signature mismatch.
[INFO] Header spoofing prevention verified.
[DIAGNOSTIC] Case 9 extracted: ''
[INFO] Body parsing bug prevention verified.
[PASS] Signature Verification Test
[Daemon] Override pause has expired. Resuming tracking.
[PASS] Override Pause Test
Running adversarial battery tests...
Multiple discharging (BAT0=80, BAT1=15) returned capacity: 15, discharging: 1
[INFO] Lowest capacity returned correctly.
Filtration check (BAT0=80, mouse-battery=10) returned capacity: 80, discharging: 1
[INFO] Peripheral battery filtered out correctly.
[PASS] Adversarial Battery Tests completed.
Running adversarial signature tests...
[Security IPC] Verification failed: replay attack detected.
Replay within window - Attempt 1: succeeded | Attempt 2 (Replay): failed
[INFO] Signature replay successfully blocked.
[Security IPC] Verification failed: future timestamp limit exceeded.
Future timestamp (+59s) verification: failed
[INFO] Future timestamp verification rejected.
[PASS] Adversarial Signature Tests completed.
Running adversarial timing tests...
constantTimeCompare timing over 5000000 iterations:
  Different length (short): 112.509 ms
  Different start: 3068.63 ms
  Different end: 3077.83 ms
[EXPECTED BUG CONFIRMED] Length check is not constant-time (short signature is processed significantly faster).
  Start vs End character mismatch difference: 0.299702%
[PASS] Adversarial Timing Tests completed.
Running adversarial pause tests...
[Daemon] Override pause has expired. Resuming tracking.
Pause override negative duration (-3600s). isTelemetryPaused() result: not paused (g_override_paused=false)
[EXPECTED BUG CONFIRMED] Negative duration pause override is accepted and immediately clears the override status, returning tracking to active without warning.
Pause override huge duration (3e9s, casted to 2147483647). isTelemetryPaused() result: paused (g_override_paused=true)
Casted duration did not overflow to negative integer (depends on standard library implementation of double-to-int conversion out-of-range).
[PASS] Adversarial Pause Tests completed.
All tests passed successfully.
<end of output>
Test time =   6.66 sec
----------------------------------------------------------
Test Passed.
"PropertyBasedDPTests" end time: Jun 16 14:39 CEST
"PropertyBasedDPTests" time elapsed: 00:00:06
----------------------------------------------------------

End testing: Jun 16 14:39 CEST
